mode: set
github.com/camilamacedo86/project-v3-with-deploy-image/controllers/busybox_controller.go:66.99,75.16 5 0
github.com/camilamacedo86/project-v3-with-deploy-image/controllers/busybox_controller.go:89.2,91.42 3 0
github.com/camilamacedo86/project-v3-with-deploy-image/controllers/busybox_controller.go:112.2,113.34 2 0
github.com/camilamacedo86/project-v3-with-deploy-image/controllers/busybox_controller.go:125.2,125.27 1 0
github.com/camilamacedo86/project-v3-with-deploy-image/controllers/busybox_controller.go:75.16,76.29 1 0
github.com/camilamacedo86/project-v3-with-deploy-image/controllers/busybox_controller.go:84.3,85.28 2 0
github.com/camilamacedo86/project-v3-with-deploy-image/controllers/busybox_controller.go:76.29,82.4 2 0
github.com/camilamacedo86/project-v3-with-deploy-image/controllers/busybox_controller.go:91.42,96.17 4 0
github.com/camilamacedo86/project-v3-with-deploy-image/controllers/busybox_controller.go:103.3,103.53 1 0
github.com/camilamacedo86/project-v3-with-deploy-image/controllers/busybox_controller.go:96.17,99.4 2 0
github.com/camilamacedo86/project-v3-with-deploy-image/controllers/busybox_controller.go:104.8,104.23 1 0
github.com/camilamacedo86/project-v3-with-deploy-image/controllers/busybox_controller.go:104.23,108.3 2 0
github.com/camilamacedo86/project-v3-with-deploy-image/controllers/busybox_controller.go:113.34,116.17 3 0
github.com/camilamacedo86/project-v3-with-deploy-image/controllers/busybox_controller.go:123.3,123.41 1 0
github.com/camilamacedo86/project-v3-with-deploy-image/controllers/busybox_controller.go:116.17,119.4 2 0
github.com/camilamacedo86/project-v3-with-deploy-image/controllers/busybox_controller.go:129.100,184.2 6 0
github.com/camilamacedo86/project-v3-with-deploy-image/controllers/busybox_controller.go:188.54,190.2 1 0
github.com/camilamacedo86/project-v3-with-deploy-image/controllers/busybox_controller.go:197.70,202.2 1 0
